<?xml version="1.0" encoding="UTF-8"?>
<!-- Generated by org.testng.reporters.JUnitReportReporter -->
<testsuite hostname="LAPTOP-69VSKOJV" failures="0" tests="3" name="test.example1" time="0.015" errors="0" timestamp="2023-12-04T10:41:59 IST" skipped="0">
  <testcase classname="test.example1" name="Demo" time="0.008"/>
  <testcase classname="test.example1" name="Demo3" time="0.005"/>
  <testcase classname="test.example1" name="Demo2" time="0.002"/>
</testsuite> <!-- test.example1 -->
