<?xml version="1.0" encoding="UTF-8"?>
<!-- Generated by org.testng.reporters.JUnitReportReporter -->
<testsuite hostname="LAPTOP-69VSKOJV" failures="0" tests="2" name="test.example4" time="0.001" errors="0" timestamp="2023-12-04T10:41:59 IST" skipped="1">
  <testcase classname="test.example4" name="BikeLoan" time="0.001"/>
  <testcase classname="test.example4" name="Ploan">
    <skipped/>
  </testcase> <!-- Ploan -->
</testsuite> <!-- test.example4 -->
