<?xml version="1.0" encoding="UTF-8"?>
<!-- Generated by org.testng.reporters.JUnitReportReporter -->
<testsuite hostname="LAPTOP-69VSKOJV" failures="0" tests="1" name="test.example3" time="0.006" errors="0" timestamp="2023-12-04T10:41:59 IST" skipped="0">
  <testcase classname="test.example3" name="WebAPILoan" time="0.006"/>
</testsuite> <!-- test.example3 -->
