<?xml version="1.0" encoding="UTF-8"?>
<!-- Generated by org.testng.reporters.JUnitReportReporter -->
<testsuite hostname="LAPTOP-69VSKOJV" failures="0" tests="1" name="coreJavaConcepts.PS" time="0.011" errors="0" timestamp="2023-12-04T11:24:04 IST" skipped="0">
  <testcase classname="coreJavaConcepts.PS" name="doThis" time="0.011"/>
</testsuite> <!-- coreJavaConcepts.PS -->
