<?xml version="1.0" encoding="UTF-8"?>
<!-- Generated by org.testng.reporters.JUnitReportReporter -->
<testsuite hostname="LAPTOP-69VSKOJV" failures="0" tests="2" name="coreJavaConcepts.PS1" time="0.032" errors="0" timestamp="2023-12-04T23:54:13 IST" skipped="0">
  <testcase classname="coreJavaConcepts.PS1" name="doThis" time="0.017"/>
  <testcase classname="coreJavaConcepts.PS1" name="child" time="0.015"/>
</testsuite> <!-- coreJavaConcepts.PS1 -->
