<?xml version="1.0" encoding="UTF-8"?>
<!-- Generated by org.testng.reporters.JUnitReportReporter -->
<testsuite hostname="LAPTOP-69VSKOJV" failures="0" tests="3" name="test.example2" time="0.007" errors="0" timestamp="2023-12-04T10:41:59 IST" skipped="0">
  <testcase classname="test.example2" name="ICICILoan" time="0.002"/>
  <testcase classname="test.example2" name="IDFCLoan" time="0.002"/>
  <testcase classname="test.example2" name="SBILoan" time="0.003"/>
</testsuite> <!-- test.example2 -->
